<?xml version="1.0" encoding="UTF-8"?>
<testng-results ignored="0" total="1" passed="1" failed="0" skipped="0">
  <reporter-output>
  </reporter-output>
  <suite started-at="2025-09-08T12:08:09 IST" name="Default suite" finished-at="2025-09-08T12:08:13 IST" duration-ms="4537">
    <groups>
    </groups>
    <test started-at="2025-09-08T12:08:09 IST" name="Default test" finished-at="2025-09-08T12:08:13 IST" duration-ms="4537">
      <class name="testscripts.LoginTest">
        <test-method is-config="true" signature="initializeBrowser()[pri:0, instance:testscripts.LoginTest@292b08d6]" started-at="2025-09-08T12:08:09 IST" name="initializeBrowser" finished-at="2025-09-08T12:08:13 IST" duration-ms="4231" status="PASS">
          <reporter-output>
          </reporter-output>
        </test-method> <!-- initializeBrowser -->
        <test-method signature="verifyUserLoginWithInvalidCredentials()[pri:0, instance:testscripts.LoginTest@292b08d6]" started-at="2025-09-08T12:08:13 IST" name="verifyUserLoginWithInvalidCredentials" finished-at="2025-09-08T12:08:13 IST" duration-ms="261" status="PASS">
          <reporter-output>
          </reporter-output>
        </test-method> <!-- verifyUserLoginWithInvalidCredentials -->
        <test-method is-config="true" signature="browserClose()[pri:0, instance:testscripts.LoginTest@292b08d6]" started-at="2025-09-08T12:08:13 IST" name="browserClose" finished-at="2025-09-08T12:08:13 IST" duration-ms="1" status="PASS">
          <reporter-output>
          </reporter-output>
        </test-method> <!-- browserClose -->
      </class> <!-- testscripts.LoginTest -->
    </test> <!-- Default test -->
  </suite> <!-- Default suite -->
</testng-results>
