<?xml version="1.0" encoding="UTF-8"?>
<testng-results ignored="0" total="1" passed="1" failed="0" skipped="0">
  <reporter-output>
  </reporter-output>
  <suite started-at="2025-09-10T11:32:27 IST" name="Default suite" finished-at="2025-09-10T11:32:33 IST" duration-ms="5372">
    <groups>
    </groups>
    <test started-at="2025-09-10T11:32:27 IST" name="Default test" finished-at="2025-09-10T11:32:33 IST" duration-ms="5372">
      <class name="testscripts.LoginTest">
        <test-method is-config="true" signature="initializeBrowser()[pri:0, instance:testscripts.LoginTest@4c12331b]" started-at="2025-09-10T11:32:27 IST" name="initializeBrowser" finished-at="2025-09-10T11:32:31 IST" duration-ms="3376" status="PASS">
          <reporter-output>
          </reporter-output>
        </test-method> <!-- initializeBrowser -->
        <test-method signature="verifyUserLoginWithInvalidCredentials()[pri:0, instance:testscripts.LoginTest@4c12331b]" started-at="2025-09-10T11:32:31 IST" name="verifyUserLoginWithInvalidCredentials" finished-at="2025-09-10T11:32:33 IST" duration-ms="1919" status="PASS">
          <reporter-output>
          </reporter-output>
        </test-method> <!-- verifyUserLoginWithInvalidCredentials -->
        <test-method is-config="true" signature="browserClose()[pri:0, instance:testscripts.LoginTest@4c12331b]" started-at="2025-09-10T11:32:33 IST" name="browserClose" finished-at="2025-09-10T11:32:33 IST" duration-ms="0" status="PASS">
          <reporter-output>
          </reporter-output>
        </test-method> <!-- browserClose -->
      </class> <!-- testscripts.LoginTest -->
    </test> <!-- Default test -->
  </suite> <!-- Default suite -->
</testng-results>
